<?xml version="1.0" encoding="UTF-8"?>
<beans xmlns="http://www.springframework.org/schema/beans"
	xmlns:xsi="http://www.w3.org/2001/XMLSchema-instance" xmlns:context="http://www.springframework.org/schema/context"
	xmlns:util="http://www.springframework.org/schema/util"
	xsi:schemaLocation="http://www.springframework.org/schema/beans http://www.springframework.org/schema/beans/spring-beans.xsd
	                    http://www.springframework.org/schema/context http://www.springframework.org/schema/context/spring-context.xsd
	                    http://www.springframework.org/schema/util http://www.springframework.org/schema/util/spring-util.xsd">
	                    
	<context:annotation-config/>
	                    
	<!-- Import the test context definition -->
	<import resource="classpath:opentestsystem.shared.test-context-module.xml"/>
	
	<bean id="talker"    class="org.opentestsystem.shared.test.cooperation.CooperativeInteractiveUserImpl">
		<property name="stage" ref="stage"/>
	</bean>
	<bean id="listener1" class="org.opentestsystem.shared.test.cooperation.CooperativeInteractiveUserImpl">
		<property name="stage" ref="stage"/>
	</bean>
	<bean id="listener2" class="org.opentestsystem.shared.test.cooperation.CooperativeInteractiveUserImpl">
		<property name="stage" ref="stage"/>
	</bean>
	<bean id="stage"     class="org.opentestsystem.shared.test.cooperation.StageImpl"/>
	
</beans>
